Build started 11/22/2013 7:25:23 PM.
     1>Project "I:\Bieliaieva_04\Bieliaieva_04\Bieliaieva_04.vcxproj" on node 2 (Rebuild target(s)).
     1>ClCompile:
         C:\Program Files (x86)\Microsoft Visual Studio 11.0\VC\bin\CL.exe /c /ZI /nologo /W3 /WX- /Od /Oy- /D _MBCS /Gm /EHsc /RTC1 /MDd /GS /fp:precise /Zc:wchar_t /Zc:forScope /Fo"Debug\\" /Fd"Debug\vc110.pdb" /Gd /TP /analyze- /errorReport:prompt Array.cpp Convex.cpp Deque.cpp main.cpp Point.cpp Polygon.cpp Segment.cpp Triangle.cpp
         Triangle.cpp
         Segment.cpp
         Polygon.cpp
     1>i:\bieliaieva_04\bieliaieva_04\formulas.h(15): warning C4800: 'double' : forcing value to bool 'true' or 'false' (performance warning)
         Point.cpp
         main.cpp
         Deque.cpp
         Convex.cpp
     1>i:\bieliaieva_04\bieliaieva_04\formulas.h(15): warning C4800: 'double' : forcing value to bool 'true' or 'false' (performance warning)
         Array.cpp
         Generating Code...
       Link:
         C:\Program Files (x86)\Microsoft Visual Studio 11.0\VC\bin\link.exe /ERRORREPORT:PROMPT /OUT:"I:\Bieliaieva_04\Debug\Bieliaieva_04.exe" /INCREMENTAL /NOLOGO kernel32.lib user32.lib gdi32.lib winspool.lib comdlg32.lib advapi32.lib shell32.lib ole32.lib oleaut32.lib uuid.lib odbc32.lib odbccp32.lib /MANIFEST /MANIFESTUAC:"level='asInvoker' uiAccess='false'" /manifest:embed /DEBUG /PDB:"I:\Bieliaieva_04\Debug\Bieliaieva_04.pdb" /TLBID:1 /DYNAMICBASE /NXCOMPAT /IMPLIB:"I:\Bieliaieva_04\Debug\Bieliaieva_04.lib" /MACHINE:X86 Debug\Array.obj
         Debug\Convex.obj
         Debug\Deque.obj
         Debug\main.obj
         Debug\Point.obj
         Debug\Polygon.obj
         Debug\Segment.obj
         Debug\Triangle.obj
         Bieliaieva_04.vcxproj -> I:\Bieliaieva_04\Debug\Bieliaieva_04.exe
     1>Done Building Project "I:\Bieliaieva_04\Bieliaieva_04\Bieliaieva_04.vcxproj" (Rebuild target(s)).

Build succeeded.

Time Elapsed 00:00:32.60
